 0123456789
0..........
1..........
2..........
3..........
4..........
5..........
6..........
7..........
8..........
9..........
 0123456789
0..........
1..........
2..........
3..........
4....***...
5....***...
6....***...
7..........
8..........
9..........
 0123456789
0..........
1.@@@@@....
2..@@@.....
3...@......
4....***...
5....***...
6....***...
7..........
8..........
9..........
 0123456789
0..........
1.@@@@@....
2..@@@.....
3...@......
4....***...
5....***...
6....***...
7.....#....
8....###...
9...#####..
0 rect 4 4 3 3 *
1 tri_down 3 3 3 @
2 tri_up 5 7 3 #
3 diamond 3 4 2 -
 0123456789
0..........
1.@@@@@....
2..@@@.....
3...@......
4...-***...
5..---**...
6.-----*...
7..---#....
8...-###...
9...#####..
0 tri_down 3 3 3 @
1 tri_up 5 7 3 #
2 diamond 3 4 2 -
