 0123456789
0..........
1..........
2..........
3..........
4..........
5..........
6..........
7..........
8..........
9..........
 012345678901234
0...............
1...............
2..........****.
3..........****.
4..........****.
0 rect 10 2 4 4 *
 012345678901234
0...............
1..........#....
2.........###**.
3........#####*.
4..........****.
 012345678901234
0...............
1..........#....
2.........###@*.
3........###@@@.
4..........@@@@@
0 rect 10 2 4 4 *
1 tri_up 10 1 3 #
2 tri_up 12 2 5 @
 0123456789
0..........
1..........
2.........#
3........##
4..........
5.........@
6........@@
0 rect 10 2 4 4 *
1 tri_up 10 1 3 #
2 tri_up 12 2 5 @
 0123456789
0..........
1.+++++++++
2..+++++++#
3...+++++##
4....+++...
5.....+...@
6........@@
0 rect 10 2 4 4 *
1 tri_up 10 1 3 #
2 tri_up 12 2 5 @
3 tri_down 5 5 5 +
 0123456789
0..........
1..........
2.........#
3........##
4..........
5.........@
6........@@
 0123456789
0..........
1.+++++++++
2..+++++++#
3...+++++##
4....+++...
5.....+....
6..........
 0123456789
0@@@@@@@@@@
1@%@@@@@@@@
2%%%@@@@@@@
3%%%%@@@@@@
4%%%%%@@@@@
5%%%%%%@@@@
6%%%%%%%@@@