Black: White: Black: White: Black: White: Can not be placed there.
White: Black: White: Black: White: Black: . . . . . . . . . . . . . . . . . . . 
. . . . . . . . . . . . . . . . . . . 
. . . . . . . . . . . . . . . . . . . 
. . . . . . . . . . . . . . . . . . . 
. . . . . . . . . . . . . . . . . . . 
. . . . . . . . . . . . . . . . . . . 
. . . . . . . . . . . . . . . . . . . 
. . . . . . . x . . x . . . . . . . . 
. . . . . . . . o x . . . . . . . . . 
. . . . . . . . x o o . . . . . . . . 
. . . . . . . x . . o . . . . . . . . 
. . . . . . . . . . . o . . . . . . . 
. . . . . . . . . . . . o . . . . . . 
. . . . . . . . . . . . . . . . . . . 
. . . . . . . . . . . . . . . . . . . 
. . . . . . . . . . . . . . . . . . . 
. . . . . . . . . . . . . . . . . . . 
. . . . . . . . . . . . . . . . . . . 
. . . . . . . . . . . . . . . . . . . 
Winner: Black player
