Black: White: Black: White: Black: White: Black: White: Black: White: Black: White: Black: . . . . . . o . . . . . . . . . . . . 
. . . o . o . . . . . . . . . . . . . 
. . o x o . . . . . . . . . . . . . . 
. . x o x x . . . . . . . . . . . . . 
. . o . x . . . . . . . . . . . . . . 
. x . . . . . . . . . . . . . . . . . 
. . . . . . . . . . . . . . . . . . . 
. . . . . . . . . . . . . . . . . . . 
. . . . . . . . . . . . . . . . . . . 
. . . . . . . . . . . . . . . . . . . 
. . . . . . . . . . . . . . . . . . . 
. . . . . . . . . . . . . . . . . . . 
. . . . . . . . . . . . . . . . . . . 
. . . . . . . . . . . . . . . . . . . 
. . . . . . . . . . . . . . . . . . . 
. . . . . . . . . . . . . . . . . . . 
. . . . . . . . . . . . . . . . . . . 
. . . . . . . . . . . . . . . . . . . 
. . . . . . . . . . . . . . . . . . . 
Winner: Black player
