Black: White: Black: White: Black: White: Black: White: Black: White: Black: White: Black: Can not be placed there.
Black: . . . . . . x . . . . . . . . . . . . 
. . . . . o . . . . . . . . . . . . . 
. . . x o . . . . . . . . . . . . . . 
. . . o x . . . . . . . . . . . . . . 
. . o o x x . . . . . . . . . . . . . 
. o . o x . . . . . . . . . . . . . . 
. . . . . . . . . . . . . . . . . . . 
. . . . . . . . . . . . . . . . . . . 
. . . . . . . . . . . . . . . . . . . 
. . . . . . . . . . . . . . . . . . . 
. . . . . . . . . . . . . . . . . . . 
. . . . . . . . . . . . . . . . . . . 
. . . . . . . . . . . . . . . . . . . 
. . . . . . . . . . . . . . . . . . . 
. . . . . . . . . . . . . . . . . . . 
. . . . . . . . . . . . . . . . . . . 
. . . . . . . . . . . . . . . . . . . 
. . . . . . . . . . . . . . . . . . . 
. . . . . . . . . . . . . . . . . . . 
Winner: Black player
