Black: White: Black: White: Black: White: Black: White: Black: . . . . . . . . . . . . . . . . . . . 
. . . . . . . . . . . . . . . . . . . 
. . . . . . . . . . . . . . . . . . . 
. . . . . . . . . . . . . . . . . . . 
. . . . o x . . . . . . . . . . . . . 
. . . . . o x . . . . . . . . . . . . 
. . . . . . o x . . . . . . . . . . . 
. . . . . . . o x . . . . . . . . . . 
. . . . . . . . o . . . . . . . . . . 
. . . . . . . . . . . . . . . . . . . 
. . . . . . . . . . . . . . . . . . . 
. . . . . . . . . . . . . . . . . . . 
. . . . . . . . . . . . . . . . . . . 
. . . . . . . . . . . . . . . . . . . 
. . . . . . . . . . . . . . . . . . . 
. . . . . . . . . . . . . . . . . . . 
. . . . . . . . . . . . . . . . . . . 
. . . . . . . . . . . . . . . . . . . 
. . . . . . . . . . . . . . . . . . . 
Winner: Black player
