Black: 
Can not be placed there.
Black: 
White: 
Can not be placed there.
White: 
Black: 
White: 
Black: 
White: 
Black: 
White: 
Black: 
White: 
Black: 
White: 
. . . . . . . . . . . . . . . . . . . 
. . . . . . . . . . . . . . . . . . . 
. . . . . . . . . . . . . . . . . . . 
. . . . . . . . . . . . . . . . . . . 
. . . . . . . . . . . . . . . . . . . 
. . . . . . . . . . . . . . . . . . . 
. . . . . . . . . . . . . . . . . . . 
. . . . . . . . . . . . . . . . . . . 
. . . . . . . . . . . . . . . . . . . 
. . . . . . . . . . . . . . . . . . . 
. . . . . . . . . . . . . . . . . . . 
. . . . . . . . . . . . . . . . . . . 
. . . . . . . . . . . . . . . . . . . 
. . . . . . . . . . . . . . . . . . . 
. . . . . . . . . . . . . . . . . . x 
. . . . . . . . . . . . . . . . . . o 
. . . . . . . . . . . . . . . . o . o 
. . . . . . . . . . . . . . . . . o o 
. . . . . . . . . . . . . x x x x x o 
Winner: White player